Arguments: 
  /home/josh/.nvm/versions/node/v12.18.2/bin/node /usr/share/yarn/bin/yarn.js

PATH: 
  /home/josh/.nvm/versions/node/v12.18.2/bin:/usr/local/sbin:/usr/local/bin:/usr/sbin:/usr/bin:/sbin:/bin:/usr/games:/usr/local/games:/mnt/c/WINDOWS/system32:/mnt/c/WINDOWS:/mnt/c/WINDOWS/System32/Wbem:/mnt/c/WINDOWS/System32/WindowsPowerShell/v1.0/:/mnt/c/WINDOWS/System32/OpenSSH/:/mnt/c/Program Files (x86)/Brackets/command:/mnt/c/Program Files/dotnet/:/mnt/c/Program Files/Git/cmd:/mnt/c/Users/1015634/AppData/Local/Microsoft/WindowsApps:/mnt/c/Users/1015634/AppData/Local/GitHubDesktop/bin:/mnt/c/Users/1015634/AppData/Local/Programs/Microsoft VS Code/bin:/snap/bin

Yarn version: 
  1.22.4

Node version: 
  12.18.2

Platform: 
  linux x64

Trace: 
  Error: self signed certificate in certificate chain
      at TLSSocket.onConnectSecure (_tls_wrap.js:1501:34)
      at TLSSocket.emit (events.js:315:20)
      at TLSSocket._finishInit (_tls_wrap.js:936:8)
      at TLSWrap.ssl.onhandshakedone (_tls_wrap.js:710:12)

npm manifest: 
  {
    "name": "testings",
    "version": "1.0.0",
    "description": "",
    "main": "stuff.js",
    "scripts": {
      "test": "echo \"Error: no test specified\" && exit 1"
    },
    "author": "",
    "license": "ISC",
    "dependencies": {
      "bcrypt": "^5.0.0",
      "body-parser": "^1.19.0",
      "cookie-parser": "^1.4.5",
      "express": "^4.17.1",
      "jsonwebtoken": "^8.5.1",
      "lowdb": "^1.0.0",
      "puppeteer": "^5.3.1"
    }
  }

yarn manifest: 
  No manifest

Lockfile: 
  No lockfile
